<?xml version="1.0" encoding="UTF-8"?>
<!-- Generated by org.testng.reporters.JUnitXMLReporter -->
<testsuite hostname="DESKTOP-QDS93UK" ignored="0" name="RESTAPItest" tests="6" failures="0" timestamp="2019-08-22T00:54:06 EDT" time="6.109" errors="0">
  <testcase name="checkresponsebody" time="0.05" classname="com.employeesapi.testcases.TC001_Get_all_employees"/>
  <testcase name="checkresponsetime" time="0.002" classname="com.employeesapi.testcases.TC001_Get_all_employees"/>
  <testcase name="checkstatus" time="0.002" classname="com.employeesapi.testcases.TC001_Get_all_employees"/>
  <testcase name="checkresponsebody" time="0.003" classname="com.employeesapi.testcases.TC002_GetSingleemprecord"/>
  <testcase name="checkresponsetime" time="0.001" classname="com.employeesapi.testcases.TC002_GetSingleemprecord"/>
  <testcase name="checkstatus" time="0.004" classname="com.employeesapi.testcases.TC002_GetSingleemprecord"/>
</testsuite> <!-- RESTAPItest -->
